[  3992.700] 
X.Org X Server 1.21.1.15
X Protocol Version 11, Revision 0
[  3992.702] Current Operating System: Linux metem 6.13.1-arch1-1 #1 SMP PREEMPT_DYNAMIC Sun, 02 Feb 2025 01:02:29 +0000 x86_64
[  3992.702] Kernel command line: BOOT_IMAGE=/vmlinuz-linux root=UUID=390cce49-1d99-4d07-b4dc-216f4772707c rw zswap.enabled=0 rootfstype=ext4 loglevel=3 quiet
[  3992.703]  
[  3992.703] Current version of pixman: 0.44.2
[  3992.707] 	Before reporting problems, check http://wiki.x.org
	to make sure that you have the latest version.
[  3992.707] Markers: (--) probed, (**) from config file, (==) default setting,
	(++) from command line, (!!) notice, (II) informational,
	(WW) warning, (EE) error, (NI) not implemented, (??) unknown.
[  3992.710] (==) Log file: "/home/tomaking/.local/share/xorg/Xorg.0.log", Time: Thu Feb  6 18:35:27 2025
[  3992.711] (==) Using config directory: "/etc/X11/xorg.conf.d"
[  3992.711] (==) Using system config directory "/usr/share/X11/xorg.conf.d"
[  3992.712] (==) No Layout section.  Using the first Screen section.
[  3992.712] (==) No screen section available. Using defaults.
[  3992.712] (**) |-->Screen "Default Screen Section" (0)
[  3992.712] (**) |   |-->Monitor "<default monitor>"
[  3992.712] (==) No monitor specified for screen "Default Screen Section".
	Using a default monitor configuration.
[  3992.712] (**) Allowing byte-swapped clients
[  3992.712] (==) Automatically adding devices
[  3992.712] (==) Automatically enabling devices
[  3992.712] (==) Automatically adding GPU devices
[  3992.712] (==) Automatically binding GPU devices
[  3992.712] (==) Max clients allowed: 256, resource mask: 0x1fffff
[  3992.712] (WW) The directory "/usr/share/fonts/misc" does not exist.
[  3992.712] 	Entry deleted from font path.
[  3992.712] (WW) The directory "/usr/share/fonts/TTF" does not exist.
[  3992.712] 	Entry deleted from font path.
[  3992.712] (WW) The directory "/usr/share/fonts/OTF" does not exist.
[  3992.712] 	Entry deleted from font path.
[  3992.712] (WW) The directory "/usr/share/fonts/Type1" does not exist.
[  3992.712] 	Entry deleted from font path.
[  3992.712] (WW) The directory "/usr/share/fonts/100dpi" does not exist.
[  3992.712] 	Entry deleted from font path.
[  3992.712] (WW) The directory "/usr/share/fonts/75dpi" does not exist.
[  3992.712] 	Entry deleted from font path.
[  3992.712] (==) FontPath set to:
	
[  3992.712] (==) ModulePath set to "/usr/lib/xorg/modules"
[  3992.712] (II) The server relies on udev to provide the list of input devices.
	If no devices become available, reconfigure udev or disable AutoAddDevices.
[  3992.712] (II) Module ABI versions:
[  3992.712] 	X.Org ANSI C Emulation: 0.4
[  3992.712] 	X.Org Video Driver: 25.2
[  3992.712] 	X.Org XInput driver : 24.4
[  3992.712] 	X.Org Server Extension : 10.0
[  3992.712] (++) using VT number 1

[  3992.713] (II) systemd-logind: took control of session /org/freedesktop/login1/session/_31
[  3992.715] (II) xfree86: Adding drm device (/dev/dri/card0)
[  3992.715] (II) Platform probe for /sys/devices/pci0000:00/0000:00:01.0/0000:01:00.0/drm/card0
[  3992.723] (II) systemd-logind: got fd for /dev/dri/card0 226:0 fd 13 paused 0
[  3992.726] (--) PCI:*(1@0:0:0) 10de:1e84:10de:139f rev 161, Mem @ 0xf6000000/16777216, 0xe0000000/268435456, 0xf0000000/33554432, I/O @ 0x0000e000/128, BIOS @ 0x????????/131072
[  3992.726] (WW) Open ACPI failed (/var/run/acpid.socket) (No such file or directory)
[  3992.726] (II) LoadModule: "glx"
[  3992.726] (II) Loading /usr/lib/xorg/modules/extensions/libglx.so
[  3992.727] (II) Module glx: vendor="X.Org Foundation"
[  3992.727] 	compiled for 1.21.1.15, module version = 1.0.0
[  3992.727] 	ABI class: X.Org Server Extension, version 10.0
[  3992.727] (==) Matched nouveau as autoconfigured driver 0
[  3992.727] (==) Matched nv as autoconfigured driver 1
[  3992.727] (==) Matched modesetting as autoconfigured driver 2
[  3992.727] (==) Matched fbdev as autoconfigured driver 3
[  3992.727] (==) Matched vesa as autoconfigured driver 4
[  3992.727] (==) Assigned the driver to the xf86ConfigLayout
[  3992.727] (II) LoadModule: "nouveau"
[  3992.727] (WW) Warning, couldn't open module nouveau
[  3992.727] (EE) Failed to load module "nouveau" (module does not exist, 0)
[  3992.727] (II) LoadModule: "nv"
[  3992.727] (WW) Warning, couldn't open module nv
[  3992.727] (EE) Failed to load module "nv" (module does not exist, 0)
[  3992.728] (II) LoadModule: "modesetting"
[  3992.728] (II) Loading /usr/lib/xorg/modules/drivers/modesetting_drv.so
[  3992.728] (II) Module modesetting: vendor="X.Org Foundation"
[  3992.728] 	compiled for 1.21.1.15, module version = 1.21.1
[  3992.728] 	Module class: X.Org Video Driver
[  3992.728] 	ABI class: X.Org Video Driver, version 25.2
[  3992.728] (II) LoadModule: "fbdev"
[  3992.728] (WW) Warning, couldn't open module fbdev
[  3992.728] (EE) Failed to load module "fbdev" (module does not exist, 0)
[  3992.728] (II) LoadModule: "vesa"
[  3992.728] (WW) Warning, couldn't open module vesa
[  3992.728] (EE) Failed to load module "vesa" (module does not exist, 0)
[  3992.728] (II) modesetting: Driver for Modesetting Kernel Drivers: kms
[  3992.728] (II) modeset(0): using drv /dev/dri/card0
[  3992.728] (WW) VGA arbiter: cannot open kernel arbiter, no multi-card support
[  3992.728] (II) modeset(0): Creating default Display subsection in Screen section
	"Default Screen Section" for depth/fbbpp 24/32
[  3992.728] (==) modeset(0): Depth 24, (==) framebuffer bpp 32
[  3992.728] (==) modeset(0): RGB weight 888
[  3992.728] (==) modeset(0): Default visual is TrueColor
[  3992.728] (II) Loading sub module "glamoregl"
[  3992.728] (II) LoadModule: "glamoregl"
[  3992.728] (II) Loading /usr/lib/xorg/modules/libglamoregl.so
[  3992.731] (II) Module glamoregl: vendor="X.Org Foundation"
[  3992.731] 	compiled for 1.21.1.15, module version = 1.0.1
[  3992.731] 	ABI class: X.Org ANSI C Emulation, version 0.4
[  3992.806] (II) modeset(0): glamor X acceleration enabled on NV164
[  3992.806] (II) modeset(0): glamor initialized
[  3992.806] (==) modeset(0): VariableRefresh: disabled
[  3992.806] (==) modeset(0): AsyncFlipSecondaries: disabled
[  3992.807] (II) modeset(0): Output DP-1 has no monitor section
[  3992.809] (II) modeset(0): Output HDMI-1 has no monitor section
[  3992.810] (II) modeset(0): Output DP-2 has no monitor section
[  3992.811] (II) modeset(0): Output DP-3 has no monitor section
[  3992.812] (II) modeset(0): EDID for output DP-1
[  3992.813] (II) modeset(0): EDID for output HDMI-1
[  3992.813] (II) modeset(0): Manufacturer: BNQ  Model: 7842  Serial#: 21573
[  3992.813] (II) modeset(0): Year: 2010  Week: 25
[  3992.813] (II) modeset(0): EDID Version: 1.3
[  3992.813] (II) modeset(0): Digital Display Input
[  3992.813] (II) modeset(0): Max Image Size [cm]: horiz.: 53  vert.: 29
[  3992.813] (II) modeset(0): Gamma: 2.20
[  3992.813] (II) modeset(0): DPMS capabilities: Off
[  3992.813] (II) modeset(0): Supported color encodings: RGB 4:4:4 YCrCb 4:4:4 
[  3992.813] (II) modeset(0): Default color space is primary color space
[  3992.813] (II) modeset(0): First detailed timing is preferred mode
[  3992.813] (II) modeset(0): redX: 0.649 redY: 0.338   greenX: 0.289 greenY: 0.609
[  3992.813] (II) modeset(0): blueX: 0.146 blueY: 0.070   whiteX: 0.313 whiteY: 0.329
[  3992.813] (II) modeset(0): Supported established timings:
[  3992.813] (II) modeset(0): 720x400@70Hz
[  3992.813] (II) modeset(0): 640x480@60Hz
[  3992.813] (II) modeset(0): 640x480@75Hz
[  3992.813] (II) modeset(0): 800x600@60Hz
[  3992.813] (II) modeset(0): 800x600@75Hz
[  3992.813] (II) modeset(0): 832x624@75Hz
[  3992.813] (II) modeset(0): 1024x768@60Hz
[  3992.813] (II) modeset(0): 1024x768@75Hz
[  3992.813] (II) modeset(0): 1280x1024@75Hz
[  3992.813] (II) modeset(0): 1152x864@75Hz
[  3992.813] (II) modeset(0): Manufacturer's mask: 0
[  3992.813] (II) modeset(0): Supported standard timings:
[  3992.813] (II) modeset(0): #0: hsize: 1152  vsize 720  refresh: 60  vid: 113
[  3992.813] (II) modeset(0): #1: hsize: 1280  vsize 720  refresh: 60  vid: 49281
[  3992.813] (II) modeset(0): #2: hsize: 1280  vsize 960  refresh: 60  vid: 16513
[  3992.813] (II) modeset(0): #3: hsize: 1280  vsize 1024  refresh: 60  vid: 32897
[  3992.813] (II) modeset(0): #4: hsize: 1600  vsize 900  refresh: 60  vid: 49321
[  3992.813] (II) modeset(0): #5: hsize: 1680  vsize 1050  refresh: 60  vid: 179
[  3992.813] (II) modeset(0): #6: hsize: 1920  vsize 1080  refresh: 60  vid: 49361
[  3992.813] (II) modeset(0): Supported detailed timing:
[  3992.813] (II) modeset(0): clock: 148.5 MHz   Image Size:  477 x 268 mm
[  3992.813] (II) modeset(0): h_active: 1920  h_sync: 2008  h_sync_end 2052 h_blank_end 2200 h_border: 0
[  3992.813] (II) modeset(0): v_active: 1080  v_sync: 1084  v_sync_end 1089 v_blanking: 1125 v_border: 0
[  3992.813] (II) modeset(0): Serial No: N6A00360SL000
[  3992.813] (II) modeset(0): Ranges: V min: 50 V max: 76 Hz, H min: 24 H max: 83 kHz, PixClock max 175 MHz
[  3992.813] (II) modeset(0): Monitor name: BenQ G2420HDB
[  3992.813] (II) modeset(0): EDID (in hex):
[  3992.813] (II) modeset(0): 	00ffffffffffff0009d1427845540000
[  3992.813] (II) modeset(0): 	1914010380351d782e6085a6564a9c25
[  3992.813] (II) modeset(0): 	125054a56b80710081c081408180a9c0
[  3992.813] (II) modeset(0): 	b300d1c00101023a801871382d40582c
[  3992.813] (II) modeset(0): 	4500dd0c1100001e000000ff004e3641
[  3992.813] (II) modeset(0): 	3030333630534c303030000000fd0032
[  3992.813] (II) modeset(0): 	4c185311000a202020202020000000fc
[  3992.813] (II) modeset(0): 	0042656e512047323432304844420004
[  3992.813] (II) modeset(0): Not using default mode "1440x810" (bad mode clock/interlace/doublescan)
[  3992.813] (II) modeset(0): Not using default mode "1600x900" (bad mode clock/interlace/doublescan)
[  3992.813] (II) modeset(0): Not using default mode "1600x900" (bad mode clock/interlace/doublescan)
[  3992.813] (II) modeset(0): Not using default mode "1920x1080" (bad mode clock/interlace/doublescan)
[  3992.813] (II) modeset(0): Printing probed modes for output HDMI-1
[  3992.813] (II) modeset(0): Modeline "1920x1080"x60.0  148.50  1920 2008 2052 2200  1080 1084 1089 1125 +hsync +vsync (67.5 kHz eP)
[  3992.813] (II) modeset(0): Modeline "1920x1080"x60.0  173.00  1920 2048 2248 2576  1080 1083 1088 1120 -hsync +vsync (67.2 kHz d)
[  3992.813] (II) modeset(0): Modeline "1920x1080"x59.9  138.50  1920 1968 2000 2080  1080 1083 1088 1111 +hsync -vsync (66.6 kHz d)
[  3992.813] (II) modeset(0): Modeline "1680x1050"x60.0  146.25  1680 1784 1960 2240  1050 1053 1059 1089 -hsync +vsync (65.3 kHz d)
[  3992.813] (II) modeset(0): Modeline "1680x1050"x59.9  119.00  1680 1728 1760 1840  1050 1053 1059 1080 +hsync -vsync (64.7 kHz e)
[  3992.813] (II) modeset(0): Modeline "1400x1050"x74.8  155.80  1400 1464 1784 1912  1050 1052 1064 1090 +hsync +vsync (81.5 kHz d)
[  3992.813] (II) modeset(0): Modeline "1400x1050"x60.0  122.00  1400 1488 1640 1880  1050 1052 1064 1082 +hsync +vsync (64.9 kHz d)
[  3992.813] (II) modeset(0): Modeline "1600x900"x59.9  118.25  1600 1696 1856 2112  900 903 908 934 -hsync +vsync (56.0 kHz d)
[  3992.813] (II) modeset(0): Modeline "1600x900"x60.0  108.00  1600 1624 1704 1800  900 901 904 1000 +hsync +vsync (60.0 kHz e)
[  3992.813] (II) modeset(0): Modeline "1600x900"x59.8   97.50  1600 1648 1680 1760  900 903 908 926 +hsync -vsync (55.4 kHz d)
[  3992.813] (II) modeset(0): Modeline "1280x1024"x75.0  135.00  1280 1296 1440 1688  1024 1025 1028 1066 +hsync +vsync (80.0 kHz e)
[  3992.813] (II) modeset(0): Modeline "1280x1024"x60.0  108.00  1280 1328 1440 1688  1024 1025 1028 1066 +hsync +vsync (64.0 kHz e)
[  3992.813] (II) modeset(0): Modeline "1400x900"x60.0  103.50  1400 1480 1624 1848  900 903 913 934 -hsync +vsync (56.0 kHz d)
[  3992.813] (II) modeset(0): Modeline "1400x900"x59.9   86.50  1400 1448 1480 1560  900 903 913 926 +hsync -vsync (55.4 kHz d)
[  3992.813] (II) modeset(0): Modeline "1280x960"x60.0  108.00  1280 1376 1488 1800  960 961 964 1000 +hsync +vsync (60.0 kHz e)
[  3992.813] (II) modeset(0): Modeline "1440x810"x60.0  151.88  1440 1464 1480 1520  810 811 814 833 doublescan +hsync -vsync (99.9 kHz d)
[  3992.813] (II) modeset(0): Modeline "1368x768"x59.9   85.25  1368 1440 1576 1784  768 771 781 798 -hsync +vsync (47.8 kHz d)
[  3992.813] (II) modeset(0): Modeline "1368x768"x59.9   72.25  1368 1416 1448 1528  768 771 781 790 +hsync -vsync (47.3 kHz d)
[  3992.813] (II) modeset(0): Modeline "1280x800"x60.0  174.25  1280 1380 1516 1752  800 801 804 829 doublescan -hsync +vsync (99.5 kHz d)
[  3992.813] (II) modeset(0): Modeline "1280x800"x60.0  134.25  1280 1304 1320 1360  800 801 804 823 doublescan +hsync -vsync (98.7 kHz d)
[  3992.813] (II) modeset(0): Modeline "1280x800"x59.8   83.50  1280 1352 1480 1680  800 803 809 831 -hsync +vsync (49.7 kHz d)
[  3992.813] (II) modeset(0): Modeline "1280x800"x59.9   71.00  1280 1328 1360 1440  800 803 809 823 +hsync -vsync (49.3 kHz d)
[  3992.813] (II) modeset(0): Modeline "1152x864"x75.0  108.00  1152 1216 1344 1600  864 865 868 900 +hsync +vsync (67.5 kHz e)
[  3992.813] (II) modeset(0): Modeline "1280x720"x60.0  156.12  1280 1376 1512 1744  720 721 724 746 doublescan -hsync +vsync (89.5 kHz d)
[  3992.813] (II) modeset(0): Modeline "1280x720"x60.0  120.75  1280 1304 1320 1360  720 721 724 740 doublescan +hsync -vsync (88.8 kHz d)
[  3992.813] (II) modeset(0): Modeline "1280x720"x59.9   74.50  1280 1344 1472 1664  720 723 728 748 -hsync +vsync (44.8 kHz d)
[  3992.813] (II) modeset(0): Modeline "1280x720"x60.0   74.25  1280 1390 1430 1650  720 725 730 750 +hsync +vsync (45.0 kHz e)
[  3992.813] (II) modeset(0): Modeline "1280x720"x59.7   63.75  1280 1328 1360 1440  720 723 728 741 +hsync -vsync (44.3 kHz d)
[  3992.813] (II) modeset(0): Modeline "1152x720"x60.0   67.28  1152 1208 1328 1504  720 721 724 746 -hsync +vsync (44.7 kHz)
[  3992.813] (II) modeset(0): Modeline "1024x768"x75.0  170.24  1024 1108 1220 1416  768 768 770 801 doublescan -hsync +vsync (120.2 kHz d)
[  3992.813] (II) modeset(0): Modeline "1024x768"x60.0  133.47  1024 1100 1212 1400  768 768 770 794 doublescan -hsync +vsync (95.3 kHz d)
[  3992.813] (II) modeset(0): Modeline "1024x768"x75.0   78.75  1024 1040 1136 1312  768 769 772 800 +hsync +vsync (60.0 kHz e)
[  3992.813] (II) modeset(0): Modeline "1024x768"x70.1   75.00  1024 1048 1184 1328  768 771 777 806 -hsync -vsync (56.5 kHz d)
[  3992.813] (II) modeset(0): Modeline "1024x768"x60.0   65.00  1024 1048 1184 1344  768 771 777 806 -hsync -vsync (48.4 kHz e)
[  3992.813] (II) modeset(0): Modeline "960x720"x75.0  148.50  960 1032 1144 1320  720 720 722 750 doublescan -hsync +vsync (112.5 kHz d)
[  3992.813] (II) modeset(0): Modeline "960x720"x60.0  117.00  960 1024 1128 1300  720 720 722 750 doublescan -hsync +vsync (90.0 kHz d)
[  3992.813] (II) modeset(0): Modeline "928x696"x75.0  144.00  928 992 1104 1280  696 696 698 750 doublescan -hsync +vsync (112.5 kHz d)
[  3992.813] (II) modeset(0): Modeline "928x696"x60.1  109.15  928 976 1088 1264  696 696 698 719 doublescan -hsync +vsync (86.4 kHz d)
[  3992.813] (II) modeset(0): Modeline "896x672"x75.0  130.50  896 944 1052 1228  672 672 674 708 doublescan -hsync +vsync (106.3 kHz d)
[  3992.813] (II) modeset(0): Modeline "896x672"x60.0  102.40  896 960 1060 1224  672 672 674 697 doublescan -hsync +vsync (83.7 kHz d)
[  3992.813] (II) modeset(0): Modeline "1024x576"x60.0   98.50  1024 1092 1200 1376  576 577 580 597 doublescan -hsync +vsync (71.6 kHz d)
[  3992.813] (II) modeset(0): Modeline "1024x576"x60.0   78.38  1024 1048 1064 1104  576 577 580 592 doublescan +hsync -vsync (71.0 kHz d)
[  3992.813] (II) modeset(0): Modeline "1024x576"x59.9   46.50  1024 1064 1160 1296  576 579 584 599 -hsync +vsync (35.9 kHz d)
[  3992.813] (II) modeset(0): Modeline "1024x576"x59.8   42.00  1024 1072 1104 1184  576 579 584 593 +hsync -vsync (35.5 kHz d)
[  3992.813] (II) modeset(0): Modeline "960x600"x59.9   96.62  960 1028 1128 1296  600 601 604 622 doublescan -hsync +vsync (74.6 kHz d)
[  3992.813] (II) modeset(0): Modeline "960x600"x60.0   77.00  960 984 1000 1040  600 601 604 617 doublescan +hsync -vsync (74.0 kHz d)
[  3992.814] (II) modeset(0): Modeline "832x624"x74.6   57.28  832 864 928 1152  624 625 628 667 -hsync -vsync (49.7 kHz e)
[  3992.814] (II) modeset(0): Modeline "960x540"x60.0   86.50  960 1024 1124 1288  540 541 544 560 doublescan -hsync +vsync (67.2 kHz d)
[  3992.814] (II) modeset(0): Modeline "960x540"x60.0   69.25  960 984 1000 1040  540 541 544 555 doublescan +hsync -vsync (66.6 kHz d)
[  3992.814] (II) modeset(0): Modeline "960x540"x59.6   40.75  960 992 1088 1216  540 543 548 562 -hsync +vsync (33.5 kHz d)
[  3992.814] (II) modeset(0): Modeline "960x540"x59.8   37.25  960 1008 1040 1120  540 543 548 556 +hsync -vsync (33.3 kHz d)
[  3992.814] (II) modeset(0): Modeline "800x600"x75.0  101.25  800 832 928 1080  600 600 602 625 doublescan +hsync +vsync (93.8 kHz d)
[  3992.814] (II) modeset(0): Modeline "800x600"x70.0   94.50  800 832 928 1080  600 600 602 625 doublescan +hsync +vsync (87.5 kHz d)
[  3992.814] (II) modeset(0): Modeline "800x600"x65.0   87.75  800 832 928 1080  600 600 602 625 doublescan +hsync +vsync (81.2 kHz d)
[  3992.814] (II) modeset(0): Modeline "800x600"x60.0   81.00  800 832 928 1080  600 600 602 625 doublescan +hsync +vsync (75.0 kHz d)
[  3992.814] (II) modeset(0): Modeline "800x600"x72.2   50.00  800 856 976 1040  600 637 643 666 +hsync +vsync (48.1 kHz d)
[  3992.814] (II) modeset(0): Modeline "800x600"x75.0   49.50  800 816 896 1056  600 601 604 625 +hsync +vsync (46.9 kHz e)
[  3992.814] (II) modeset(0): Modeline "800x600"x60.3   40.00  800 840 968 1056  600 601 605 628 +hsync +vsync (37.9 kHz e)
[  3992.814] (II) modeset(0): Modeline "800x600"x56.2   36.00  800 824 896 1024  600 601 603 625 +hsync +vsync (35.2 kHz d)
[  3992.814] (II) modeset(0): Modeline "840x525"x60.0   73.12  840 892 980 1120  525 526 529 544 doublescan -hsync +vsync (65.3 kHz d)
[  3992.814] (II) modeset(0): Modeline "840x525"x59.9   59.50  840 864 880 920  525 526 529 540 doublescan +hsync -vsync (64.7 kHz d)
[  3992.814] (II) modeset(0): Modeline "864x486"x59.9   32.50  864 888 968 1072  486 489 494 506 -hsync +vsync (30.3 kHz d)
[  3992.814] (II) modeset(0): Modeline "864x486"x59.6   30.50  864 912 944 1024  486 489 494 500 +hsync -vsync (29.8 kHz d)
[  3992.814] (II) modeset(0): Modeline "700x525"x74.8   77.90  700 732 892 956  525 526 532 545 doublescan +hsync +vsync (81.5 kHz d)
[  3992.814] (II) modeset(0): Modeline "700x525"x60.0   61.00  700 744 820 940  525 526 532 541 doublescan +hsync +vsync (64.9 kHz d)
[  3992.814] (II) modeset(0): Modeline "800x450"x59.9   59.12  800 848 928 1056  450 451 454 467 doublescan -hsync +vsync (56.0 kHz d)
[  3992.814] (II) modeset(0): Modeline "800x450"x59.8   48.75  800 824 840 880  450 451 454 463 doublescan +hsync -vsync (55.4 kHz d)
[  3992.814] (II) modeset(0): Modeline "640x512"x75.0   67.50  640 648 720 844  512 512 514 533 doublescan +hsync +vsync (80.0 kHz d)
[  3992.814] (II) modeset(0): Modeline "640x512"x60.0   54.00  640 664 720 844  512 512 514 533 doublescan +hsync +vsync (64.0 kHz d)
[  3992.814] (II) modeset(0): Modeline "700x450"x60.0   51.75  700 740 812 924  450 451 456 467 doublescan -hsync +vsync (56.0 kHz d)
[  3992.814] (II) modeset(0): Modeline "700x450"x59.9   43.25  700 724 740 780  450 451 456 463 doublescan +hsync -vsync (55.4 kHz d)
[  3992.814] (II) modeset(0): Modeline "640x480"x60.0   54.00  640 688 744 900  480 480 482 500 doublescan +hsync +vsync (60.0 kHz d)
[  3992.814] (II) modeset(0): Modeline "640x480"x75.0   31.50  640 656 720 840  480 481 484 500 -hsync -vsync (37.5 kHz e)
[  3992.814] (II) modeset(0): Modeline "640x480"x72.8   31.50  640 664 704 832  480 489 492 520 -hsync -vsync (37.9 kHz d)
[  3992.814] (II) modeset(0): Modeline "640x480"x75.0   31.50  640 656 720 840  480 481 484 500 -hsync -vsync (37.5 kHz d)
[  3992.814] (II) modeset(0): Modeline "640x480"x59.9   25.18  640 656 752 800  480 490 492 525 -hsync -vsync (31.5 kHz e)
[  3992.814] (II) modeset(0): Modeline "720x405"x59.5   22.50  720 744 808 896  405 408 413 422 -hsync +vsync (25.1 kHz d)
[  3992.814] (II) modeset(0): Modeline "720x405"x59.0   21.75  720 768 800 880  405 408 413 419 +hsync -vsync (24.7 kHz d)
[  3992.814] (II) modeset(0): Modeline "720x400"x70.1   28.32  720 738 846 900  400 412 414 449 -hsync +vsync (31.5 kHz e)
[  3992.814] (II) modeset(0): Modeline "684x384"x59.9   42.62  684 720 788 892  384 385 390 399 doublescan -hsync +vsync (47.8 kHz d)
[  3992.814] (II) modeset(0): Modeline "684x384"x59.9   36.12  684 708 724 764  384 385 390 395 doublescan +hsync -vsync (47.3 kHz d)
[  3992.814] (II) modeset(0): Modeline "640x400"x59.9   41.75  640 676 740 840  400 401 404 415 doublescan -hsync +vsync (49.7 kHz d)
[  3992.814] (II) modeset(0): Modeline "640x400"x60.0   35.50  640 664 680 720  400 401 404 411 doublescan +hsync -vsync (49.3 kHz d)
[  3992.814] (II) modeset(0): Modeline "576x432"x75.0   54.00  576 608 672 800  432 432 434 450 doublescan +hsync +vsync (67.5 kHz d)
[  3992.814] (II) modeset(0): Modeline "640x360"x59.9   37.25  640 672 736 832  360 361 364 374 doublescan -hsync +vsync (44.8 kHz d)
[  3992.814] (II) modeset(0): Modeline "640x360"x59.8   31.88  640 664 680 720  360 361 364 370 doublescan +hsync -vsync (44.3 kHz d)
[  3992.814] (II) modeset(0): Modeline "640x360"x59.8   18.00  640 664 720 800  360 363 368 376 -hsync +vsync (22.5 kHz d)
[  3992.814] (II) modeset(0): Modeline "640x360"x59.3   17.75  640 688 720 800  360 363 368 374 +hsync -vsync (22.2 kHz d)
[  3992.814] (II) modeset(0): Modeline "512x384"x75.0   39.38  512 520 568 656  384 384 386 400 doublescan +hsync +vsync (60.0 kHz d)
[  3992.814] (II) modeset(0): Modeline "512x384"x70.1   37.50  512 524 592 664  384 385 388 403 doublescan -hsync -vsync (56.5 kHz d)
[  3992.814] (II) modeset(0): Modeline "512x384"x60.0   32.50  512 524 592 672  384 385 388 403 doublescan -hsync -vsync (48.4 kHz d)
[  3992.814] (II) modeset(0): Modeline "512x288"x60.0   23.25  512 532 580 648  288 289 292 299 doublescan -hsync +vsync (35.9 kHz d)
[  3992.814] (II) modeset(0): Modeline "512x288"x59.9   21.00  512 536 552 592  288 289 292 296 doublescan +hsync -vsync (35.5 kHz d)
[  3992.814] (II) modeset(0): Modeline "416x312"x74.7   28.64  416 432 464 576  312 312 314 333 doublescan -hsync -vsync (49.7 kHz d)
[  3992.814] (II) modeset(0): Modeline "480x270"x59.6   20.38  480 496 544 608  270 271 274 281 doublescan -hsync +vsync (33.5 kHz d)
[  3992.814] (II) modeset(0): Modeline "480x270"x59.8   18.62  480 504 520 560  270 271 274 278 doublescan +hsync -vsync (33.3 kHz d)
[  3992.814] (II) modeset(0): Modeline "400x300"x72.2   25.00  400 428 488 520  300 318 321 333 doublescan +hsync +vsync (48.1 kHz d)
[  3992.814] (II) modeset(0): Modeline "400x300"x75.1   24.75  400 408 448 528  300 300 302 312 doublescan +hsync +vsync (46.9 kHz d)
[  3992.814] (II) modeset(0): Modeline "400x300"x60.3   20.00  400 420 484 528  300 300 302 314 doublescan +hsync +vsync (37.9 kHz d)
[  3992.814] (II) modeset(0): Modeline "400x300"x56.3   18.00  400 412 448 512  300 300 301 312 doublescan +hsync +vsync (35.2 kHz d)
[  3992.814] (II) modeset(0): Modeline "432x243"x59.9   16.25  432 444 484 536  243 244 247 253 doublescan -hsync +vsync (30.3 kHz d)
[  3992.814] (II) modeset(0): Modeline "432x243"x59.6   15.25  432 456 472 512  243 244 247 250 doublescan +hsync -vsync (29.8 kHz d)
[  3992.814] (II) modeset(0): Modeline "320x240"x72.8   15.75  320 332 352 416  240 244 246 260 doublescan -hsync -vsync (37.9 kHz d)
[  3992.814] (II) modeset(0): Modeline "320x240"x75.0   15.75  320 328 360 420  240 240 242 250 doublescan -hsync -vsync (37.5 kHz d)
[  3992.814] (II) modeset(0): Modeline "320x240"x60.1   12.59  320 328 376 400  240 245 246 262 doublescan -hsync -vsync (31.5 kHz d)
[  3992.814] (II) modeset(0): Modeline "360x202"x59.5   11.25  360 372 404 448  202 204 206 211 doublescan -hsync +vsync (25.1 kHz d)
[  3992.814] (II) modeset(0): Modeline "360x202"x59.1   10.88  360 384 400 440  202 204 206 209 doublescan +hsync -vsync (24.7 kHz d)
[  3992.814] (II) modeset(0): Modeline "320x180"x59.8    9.00  320 332 360 400  180 181 184 188 doublescan -hsync +vsync (22.5 kHz d)
[  3992.814] (II) modeset(0): Modeline "320x180"x59.3    8.88  320 344 360 400  180 181 184 187 doublescan +hsync -vsync (22.2 kHz d)
[  3992.815] (II) modeset(0): EDID for output DP-2
[  3992.815] (II) modeset(0): EDID for output DP-3
[  3992.815] (II) modeset(0): Output DP-1 disconnected
[  3992.815] (II) modeset(0): Output HDMI-1 connected
[  3992.815] (II) modeset(0): Output DP-2 disconnected
[  3992.815] (II) modeset(0): Output DP-3 disconnected
[  3992.815] (II) modeset(0): Using exact sizes for initial modes
[  3992.815] (II) modeset(0): Output HDMI-1 using initial mode 1920x1080 +0+0
[  3992.815] (==) modeset(0): Using gamma correction (1.0, 1.0, 1.0)
[  3992.815] (==) modeset(0): DPI set to (96, 96)
[  3992.815] (II) Loading sub module "fb"
[  3992.815] (II) LoadModule: "fb"
[  3992.815] (II) Module "fb" already built-in
[  3992.826] (==) modeset(0): Backing store enabled
[  3992.826] (==) modeset(0): Silken mouse enabled
[  3992.841] (II) modeset(0): Initializing kms color map for depth 24, 8 bpc.
[  3992.841] (==) modeset(0): DPMS enabled
[  3992.841] (II) modeset(0): [DRI2] Setup complete
[  3992.841] (II) modeset(0): [DRI2]   DRI driver: nouveau
[  3992.841] (II) modeset(0): [DRI2]   VDPAU driver: nouveau
[  3992.841] (II) Initializing extension Generic Event Extension
[  3992.841] (II) Initializing extension SHAPE
[  3992.841] (II) Initializing extension MIT-SHM
[  3992.841] (II) Initializing extension XInputExtension
[  3992.841] (II) Initializing extension XTEST
[  3992.841] (II) Initializing extension BIG-REQUESTS
[  3992.841] (II) Initializing extension SYNC
[  3992.841] (II) Initializing extension XKEYBOARD
[  3992.841] (II) Initializing extension XC-MISC
[  3992.841] (II) Initializing extension SECURITY
[  3992.841] (II) Initializing extension XFIXES
[  3992.842] (II) Initializing extension RENDER
[  3992.842] (II) Initializing extension RANDR
[  3992.842] (II) Initializing extension COMPOSITE
[  3992.842] (II) Initializing extension DAMAGE
[  3992.842] (II) Initializing extension MIT-SCREEN-SAVER
[  3992.842] (II) Initializing extension DOUBLE-BUFFER
[  3992.842] (II) Initializing extension RECORD
[  3992.842] (II) Initializing extension DPMS
[  3992.842] (II) Initializing extension Present
[  3992.842] (II) Initializing extension DRI3
[  3992.842] (II) Initializing extension X-Resource
[  3992.842] (II) Initializing extension XVideo
[  3992.842] (II) Initializing extension XVideo-MotionCompensation
[  3992.842] (II) Initializing extension GLX
[  3992.848] (II) AIGLX: Loaded and initialized nouveau
[  3992.848] (II) GLX: Initialized DRI2 GL provider for screen 0
[  3992.848] (II) Initializing extension XFree86-VidModeExtension
[  3992.848] (II) Initializing extension XFree86-DGA
[  3992.848] (II) Initializing extension XFree86-DRI
[  3992.848] (II) Initializing extension DRI2
[  3992.849] (II) modeset(0): Damage tracking initialized
[  3992.849] (II) modeset(0): Setting screen physical size to 508 x 285
[  3992.900] (II) config/udev: Adding input device Power Button (/dev/input/event2)
[  3992.900] (**) Power Button: Applying InputClass "libinput keyboard catchall"
[  3992.900] (**) Power Button: Applying InputClass "system-keyboard"
[  3992.900] (II) LoadModule: "libinput"
[  3992.900] (II) Loading /usr/lib/xorg/modules/input/libinput_drv.so
[  3992.901] (II) Module libinput: vendor="X.Org Foundation"
[  3992.901] 	compiled for 1.21.1.13, module version = 1.5.0
[  3992.901] 	Module class: X.Org XInput Driver
[  3992.901] 	ABI class: X.Org XInput driver, version 24.4
[  3992.901] (II) Using input driver 'libinput' for 'Power Button'
[  3992.902] (II) systemd-logind: got fd for /dev/input/event2 13:66 fd 25 paused 0
[  3992.902] (**) Power Button: always reports core events
[  3992.902] (**) Option "Device" "/dev/input/event2"
[  3992.904] (II) event2  - Power Button: is tagged by udev as: Keyboard
[  3992.904] (II) event2  - Power Button: device is a keyboard
[  3992.904] (II) event2  - Power Button: device removed
[  3992.904] (**) Option "config_info" "udev:/sys/devices/LNXSYSTM:00/LNXPWRBN:00/input/input2/event2"
[  3992.904] (II) XINPUT: Adding extended input device "Power Button" (type: KEYBOARD, id 6)
[  3992.904] (**) Option "xkb_model" "pc105"
[  3992.904] (**) Option "xkb_layout" "de"
[  3992.904] (**) Option "xkb_options" "terminate:ctrl_alt_bksp"
[  3992.920] (II) event2  - Power Button: is tagged by udev as: Keyboard
[  3992.920] (II) event2  - Power Button: device is a keyboard
[  3992.921] (II) config/udev: Adding input device Power Button (/dev/input/event1)
[  3992.921] (**) Power Button: Applying InputClass "libinput keyboard catchall"
[  3992.921] (**) Power Button: Applying InputClass "system-keyboard"
[  3992.921] (II) Using input driver 'libinput' for 'Power Button'
[  3992.922] (II) systemd-logind: got fd for /dev/input/event1 13:65 fd 28 paused 0
[  3992.922] (**) Power Button: always reports core events
[  3992.922] (**) Option "Device" "/dev/input/event1"
[  3992.923] (II) event1  - Power Button: is tagged by udev as: Keyboard
[  3992.923] (II) event1  - Power Button: device is a keyboard
[  3992.923] (II) event1  - Power Button: device removed
[  3992.923] (**) Option "config_info" "udev:/sys/devices/LNXSYSTM:00/LNXSYBUS:00/PNP0C0C:00/input/input1/event1"
[  3992.923] (II) XINPUT: Adding extended input device "Power Button" (type: KEYBOARD, id 7)
[  3992.923] (**) Option "xkb_model" "pc105"
[  3992.923] (**) Option "xkb_layout" "de"
[  3992.923] (**) Option "xkb_options" "terminate:ctrl_alt_bksp"
[  3992.924] (II) event1  - Power Button: is tagged by udev as: Keyboard
[  3992.924] (II) event1  - Power Button: device is a keyboard
[  3992.924] (II) config/udev: Adding input device Sleep Button (/dev/input/event0)
[  3992.924] (**) Sleep Button: Applying InputClass "libinput keyboard catchall"
[  3992.924] (**) Sleep Button: Applying InputClass "system-keyboard"
[  3992.924] (II) Using input driver 'libinput' for 'Sleep Button'
[  3992.925] (II) systemd-logind: got fd for /dev/input/event0 13:64 fd 29 paused 0
[  3992.925] (**) Sleep Button: always reports core events
[  3992.925] (**) Option "Device" "/dev/input/event0"
[  3992.926] (II) event0  - Sleep Button: is tagged by udev as: Keyboard
[  3992.926] (II) event0  - Sleep Button: device is a keyboard
[  3992.926] (II) event0  - Sleep Button: device removed
[  3992.926] (**) Option "config_info" "udev:/sys/devices/LNXSYSTM:00/LNXSYBUS:00/PNP0C0E:00/input/input0/event0"
[  3992.926] (II) XINPUT: Adding extended input device "Sleep Button" (type: KEYBOARD, id 8)
[  3992.926] (**) Option "xkb_model" "pc105"
[  3992.926] (**) Option "xkb_layout" "de"
[  3992.926] (**) Option "xkb_options" "terminate:ctrl_alt_bksp"
[  3992.927] (II) event0  - Sleep Button: is tagged by udev as: Keyboard
[  3992.927] (II) event0  - Sleep Button: device is a keyboard
[  3992.928] (II) config/udev: Adding input device HDA NVidia HDMI/DP,pcm=3 (/dev/input/event10)
[  3992.928] (II) No input driver specified, ignoring this device.
[  3992.928] (II) This device may have been added with another device file.
[  3992.928] (II) config/udev: Adding input device HDA NVidia HDMI/DP,pcm=7 (/dev/input/event11)
[  3992.928] (II) No input driver specified, ignoring this device.
[  3992.928] (II) This device may have been added with another device file.
[  3992.929] (II) config/udev: Adding input device HDA NVidia HDMI/DP,pcm=8 (/dev/input/event12)
[  3992.929] (II) No input driver specified, ignoring this device.
[  3992.929] (II) This device may have been added with another device file.
[  3992.929] (II) config/udev: Adding input device HDA NVidia HDMI/DP,pcm=9 (/dev/input/event13)
[  3992.929] (II) No input driver specified, ignoring this device.
[  3992.929] (II) This device may have been added with another device file.
[  3992.930] (II) config/udev: Adding input device SEMICO USB Keyboard (/dev/input/event3)
[  3992.930] (**) SEMICO USB Keyboard: Applying InputClass "libinput keyboard catchall"
[  3992.930] (**) SEMICO USB Keyboard: Applying InputClass "system-keyboard"
[  3992.930] (II) Using input driver 'libinput' for 'SEMICO USB Keyboard'
[  3992.931] (II) systemd-logind: got fd for /dev/input/event3 13:67 fd 30 paused 0
[  3992.931] (**) SEMICO USB Keyboard: always reports core events
[  3992.931] (**) Option "Device" "/dev/input/event3"
[  3992.932] (II) event3  - SEMICO USB Keyboard: is tagged by udev as: Keyboard
[  3992.932] (II) event3  - SEMICO USB Keyboard: device is a keyboard
[  3992.932] (II) event3  - SEMICO USB Keyboard: device removed
[  3992.932] (**) Option "config_info" "udev:/sys/devices/pci0000:00/0000:00:14.0/usb1/1-3/1-3.1/1-3.1:1.0/0003:1A2C:45E8.0001/input/input3/event3"
[  3992.932] (II) XINPUT: Adding extended input device "SEMICO USB Keyboard" (type: KEYBOARD, id 9)
[  3992.932] (**) Option "xkb_model" "pc105"
[  3992.932] (**) Option "xkb_layout" "de"
[  3992.932] (**) Option "xkb_options" "terminate:ctrl_alt_bksp"
[  3992.934] (II) event3  - SEMICO USB Keyboard: is tagged by udev as: Keyboard
[  3992.934] (II) event3  - SEMICO USB Keyboard: device is a keyboard
[  3992.935] (II) config/udev: Adding input device SEMICO USB Keyboard Consumer Control (/dev/input/event4)
[  3992.935] (**) SEMICO USB Keyboard Consumer Control: Applying InputClass "libinput keyboard catchall"
[  3992.935] (**) SEMICO USB Keyboard Consumer Control: Applying InputClass "system-keyboard"
[  3992.935] (II) Using input driver 'libinput' for 'SEMICO USB Keyboard Consumer Control'
[  3992.936] (II) systemd-logind: got fd for /dev/input/event4 13:68 fd 31 paused 0
[  3992.936] (**) SEMICO USB Keyboard Consumer Control: always reports core events
[  3992.936] (**) Option "Device" "/dev/input/event4"
[  3992.937] (II) event4  - SEMICO USB Keyboard Consumer Control: is tagged by udev as: Keyboard
[  3992.938] (II) event4  - SEMICO USB Keyboard Consumer Control: device is a keyboard
[  3992.938] (II) event4  - SEMICO USB Keyboard Consumer Control: device removed
[  3992.938] (II) libinput: SEMICO USB Keyboard Consumer Control: needs a virtual subdevice
[  3992.938] (**) Option "config_info" "udev:/sys/devices/pci0000:00/0000:00:14.0/usb1/1-3/1-3.1/1-3.1:1.1/0003:1A2C:45E8.0002/input/input4/event4"
[  3992.938] (II) XINPUT: Adding extended input device "SEMICO USB Keyboard Consumer Control" (type: MOUSE, id 10)
[  3992.938] (**) Option "AccelerationScheme" "none"
[  3992.938] (**) SEMICO USB Keyboard Consumer Control: (accel) selected scheme none/0
[  3992.938] (**) SEMICO USB Keyboard Consumer Control: (accel) acceleration factor: 2.000
[  3992.938] (**) SEMICO USB Keyboard Consumer Control: (accel) acceleration threshold: 4
[  3992.939] (II) event4  - SEMICO USB Keyboard Consumer Control: is tagged by udev as: Keyboard
[  3992.939] (II) event4  - SEMICO USB Keyboard Consumer Control: device is a keyboard
[  3992.940] (II) config/udev: Adding input device SEMICO USB Keyboard System Control (/dev/input/event5)
[  3992.940] (**) SEMICO USB Keyboard System Control: Applying InputClass "libinput keyboard catchall"
[  3992.940] (**) SEMICO USB Keyboard System Control: Applying InputClass "system-keyboard"
[  3992.940] (II) Using input driver 'libinput' for 'SEMICO USB Keyboard System Control'
[  3992.941] (II) systemd-logind: got fd for /dev/input/event5 13:69 fd 32 paused 0
[  3992.941] (**) SEMICO USB Keyboard System Control: always reports core events
[  3992.941] (**) Option "Device" "/dev/input/event5"
[  3992.942] (II) event5  - SEMICO USB Keyboard System Control: is tagged by udev as: Keyboard
[  3992.943] (II) event5  - SEMICO USB Keyboard System Control: device is a keyboard
[  3992.943] (II) event5  - SEMICO USB Keyboard System Control: device removed
[  3992.943] (**) Option "config_info" "udev:/sys/devices/pci0000:00/0000:00:14.0/usb1/1-3/1-3.1/1-3.1:1.1/0003:1A2C:45E8.0002/input/input5/event5"
[  3992.943] (II) XINPUT: Adding extended input device "SEMICO USB Keyboard System Control" (type: KEYBOARD, id 11)
[  3992.943] (**) Option "xkb_model" "pc105"
[  3992.943] (**) Option "xkb_layout" "de"
[  3992.943] (**) Option "xkb_options" "terminate:ctrl_alt_bksp"
[  3992.944] (II) event5  - SEMICO USB Keyboard System Control: is tagged by udev as: Keyboard
[  3992.944] (II) event5  - SEMICO USB Keyboard System Control: device is a keyboard
[  3992.945] (II) config/udev: Adding input device SEMICO USB Keyboard (/dev/input/event6)
[  3992.945] (**) SEMICO USB Keyboard: Applying InputClass "libinput keyboard catchall"
[  3992.945] (**) SEMICO USB Keyboard: Applying InputClass "system-keyboard"
[  3992.945] (II) Using input driver 'libinput' for 'SEMICO USB Keyboard'
[  3992.946] (II) systemd-logind: got fd for /dev/input/event6 13:70 fd 33 paused 0
[  3992.946] (**) SEMICO USB Keyboard: always reports core events
[  3992.946] (**) Option "Device" "/dev/input/event6"
[  3992.947] (II) event6  - SEMICO USB Keyboard: is tagged by udev as: Keyboard
[  3992.948] (II) event6  - SEMICO USB Keyboard: device is a keyboard
[  3992.948] (II) event6  - SEMICO USB Keyboard: device removed
[  3992.948] (**) Option "config_info" "udev:/sys/devices/pci0000:00/0000:00:14.0/usb1/1-3/1-3.1/1-3.1:1.1/0003:1A2C:45E8.0002/input/input7/event6"
[  3992.948] (II) XINPUT: Adding extended input device "SEMICO USB Keyboard" (type: KEYBOARD, id 12)
[  3992.948] (**) Option "xkb_model" "pc105"
[  3992.948] (**) Option "xkb_layout" "de"
[  3992.948] (**) Option "xkb_options" "terminate:ctrl_alt_bksp"
[  3992.949] (II) event6  - SEMICO USB Keyboard: is tagged by udev as: Keyboard
[  3992.949] (II) event6  - SEMICO USB Keyboard: device is a keyboard
[  3992.950] (II) config/udev: Adding input device USB Optical Mouse  (/dev/input/event7)
[  3992.950] (**) USB Optical Mouse : Applying InputClass "libinput pointer catchall"
[  3992.950] (II) Using input driver 'libinput' for 'USB Optical Mouse '
[  3993.002] (II) systemd-logind: got fd for /dev/input/event7 13:71 fd 34 paused 0
[  3993.002] (**) USB Optical Mouse : always reports core events
[  3993.002] (**) Option "Device" "/dev/input/event7"
[  3993.005] (II) event7  - USB Optical Mouse : is tagged by udev as: Mouse
[  3993.005] (II) event7  - USB Optical Mouse : device is a pointer
[  3993.006] (II) event7  - USB Optical Mouse : device removed
[  3993.006] (II) libinput: USB Optical Mouse : Step value 0 was provided, libinput Fallback acceleration function is used.
[  3993.006] (II) libinput: USB Optical Mouse : Step value 0 was provided, libinput Fallback acceleration function is used.
[  3993.006] (II) libinput: USB Optical Mouse : Step value 0 was provided, libinput Fallback acceleration function is used.
[  3993.006] (**) Option "config_info" "udev:/sys/devices/pci0000:00/0000:00:14.0/usb1/1-3/1-3.2/1-3.2:1.0/0003:30FA:0400.0003/input/input8/event7"
[  3993.006] (II) XINPUT: Adding extended input device "USB Optical Mouse " (type: MOUSE, id 13)
[  3993.006] (**) Option "AccelerationScheme" "none"
[  3993.006] (**) USB Optical Mouse : (accel) selected scheme none/0
[  3993.006] (**) USB Optical Mouse : (accel) acceleration factor: 2.000
[  3993.006] (**) USB Optical Mouse : (accel) acceleration threshold: 4
[  3993.010] (II) event7  - USB Optical Mouse : is tagged by udev as: Mouse
[  3993.010] (II) event7  - USB Optical Mouse : device is a pointer
[  3993.013] (II) config/udev: Adding input device USB Optical Mouse  (/dev/input/mouse0)
[  3993.013] (II) No input driver specified, ignoring this device.
[  3993.013] (II) This device may have been added with another device file.
[  3993.014] (II) config/udev: Adding input device HDA Intel PCH Rear Mic (/dev/input/event14)
[  3993.014] (II) No input driver specified, ignoring this device.
[  3993.014] (II) This device may have been added with another device file.
[  3993.015] (II) config/udev: Adding input device HDA Intel PCH Front Mic (/dev/input/event15)
[  3993.015] (II) No input driver specified, ignoring this device.
[  3993.015] (II) This device may have been added with another device file.
[  3993.016] (II) config/udev: Adding input device HDA Intel PCH Line (/dev/input/event16)
[  3993.016] (II) No input driver specified, ignoring this device.
[  3993.016] (II) This device may have been added with another device file.
[  3993.017] (II) config/udev: Adding input device HDA Intel PCH Line Out Front (/dev/input/event17)
[  3993.017] (II) No input driver specified, ignoring this device.
[  3993.017] (II) This device may have been added with another device file.
[  3993.018] (II) config/udev: Adding input device HDA Intel PCH Line Out Surround (/dev/input/event18)
[  3993.018] (II) No input driver specified, ignoring this device.
[  3993.018] (II) This device may have been added with another device file.
[  3993.019] (II) config/udev: Adding input device HDA Intel PCH Line Out CLFE (/dev/input/event19)
[  3993.019] (II) No input driver specified, ignoring this device.
[  3993.019] (II) This device may have been added with another device file.
[  3993.020] (II) config/udev: Adding input device HDA Intel PCH Front Headphone (/dev/input/event20)
[  3993.020] (II) No input driver specified, ignoring this device.
[  3993.020] (II) This device may have been added with another device file.
[  3993.022] (II) config/udev: Adding input device Eee PC WMI hotkeys (/dev/input/event9)
[  3993.022] (**) Eee PC WMI hotkeys: Applying InputClass "libinput keyboard catchall"
[  3993.022] (**) Eee PC WMI hotkeys: Applying InputClass "system-keyboard"
[  3993.022] (II) Using input driver 'libinput' for 'Eee PC WMI hotkeys'
[  3993.023] (II) systemd-logind: got fd for /dev/input/event9 13:73 fd 35 paused 0
[  3993.023] (**) Eee PC WMI hotkeys: always reports core events
[  3993.023] (**) Option "Device" "/dev/input/event9"
[  3993.025] (II) event9  - Eee PC WMI hotkeys: is tagged by udev as: Keyboard
[  3993.025] (II) event9  - Eee PC WMI hotkeys: device is a keyboard
[  3993.025] (II) event9  - Eee PC WMI hotkeys: device removed
[  3993.025] (**) Option "config_info" "udev:/sys/devices/platform/eeepc-wmi/input/input10/event9"
[  3993.025] (II) XINPUT: Adding extended input device "Eee PC WMI hotkeys" (type: KEYBOARD, id 14)
[  3993.025] (**) Option "xkb_model" "pc105"
[  3993.025] (**) Option "xkb_layout" "de"
[  3993.025] (**) Option "xkb_options" "terminate:ctrl_alt_bksp"
[  3993.028] (II) event9  - Eee PC WMI hotkeys: is tagged by udev as: Keyboard
[  3993.028] (II) event9  - Eee PC WMI hotkeys: device is a keyboard
[  3993.029] (II) config/udev: Adding input device PC Speaker (/dev/input/event8)
[  3993.029] (II) No input driver specified, ignoring this device.
[  3993.029] (II) This device may have been added with another device file.
[  3993.045] (**) SEMICO USB Keyboard Consumer Control: Applying InputClass "libinput keyboard catchall"
[  3993.045] (**) SEMICO USB Keyboard Consumer Control: Applying InputClass "system-keyboard"
[  3993.045] (II) Using input driver 'libinput' for 'SEMICO USB Keyboard Consumer Control'
[  3993.045] (II) systemd-logind: returning pre-existing fd for /dev/input/event4 13:68
[  3993.045] (**) SEMICO USB Keyboard Consumer Control: always reports core events
[  3993.045] (**) Option "Device" "/dev/input/event4"
[  3993.045] (II) libinput: SEMICO USB Keyboard Consumer Control: is a virtual subdevice
[  3993.045] (**) Option "config_info" "udev:/sys/devices/pci0000:00/0000:00:14.0/usb1/1-3/1-3.1/1-3.1:1.1/0003:1A2C:45E8.0002/input/input4/event4"
[  3993.045] (II) XINPUT: Adding extended input device "SEMICO USB Keyboard Consumer Control" (type: KEYBOARD, id 15)
[  3993.045] (**) Option "xkb_model" "pc105"
[  3993.045] (**) Option "xkb_layout" "de"
[  3993.045] (**) Option "xkb_options" "terminate:ctrl_alt_bksp"
[  3993.086] (**) Option "fd" "25"
[  3993.086] (II) event2  - Power Button: device removed
[  3993.086] (**) Option "fd" "28"
[  3993.086] (II) event1  - Power Button: device removed
[  3993.086] (**) Option "fd" "29"
[  3993.086] (II) event0  - Sleep Button: device removed
[  3993.086] (**) Option "fd" "30"
[  3993.086] (II) event3  - SEMICO USB Keyboard: device removed
[  3993.086] (**) Option "fd" "31"
[  3993.086] (**) Option "fd" "32"
[  3993.086] (II) event5  - SEMICO USB Keyboard System Control: device removed
[  3993.086] (**) Option "fd" "33"
[  3993.086] (II) event6  - SEMICO USB Keyboard: device removed
[  3993.086] (**) Option "fd" "34"
[  3993.086] (II) event7  - USB Optical Mouse : device removed
[  3993.086] (**) Option "fd" "35"
[  3993.086] (II) event9  - Eee PC WMI hotkeys: device removed
[  3993.086] (**) Option "fd" "31"
[  3993.086] (II) event4  - SEMICO USB Keyboard Consumer Control: device removed
[  3993.087] (II) UnloadModule: "libinput"
[  3993.088] (II) systemd-logind: not releasing fd for 13:68, still in use
[  3993.088] (II) UnloadModule: "libinput"
[  3993.088] (II) systemd-logind: releasing fd for 13:73
[  3993.088] (II) UnloadModule: "libinput"
[  3993.088] (II) systemd-logind: releasing fd for 13:71
[  3993.089] (II) UnloadModule: "libinput"
[  3993.089] (II) systemd-logind: releasing fd for 13:70
[  3993.089] (II) UnloadModule: "libinput"
[  3993.089] (II) systemd-logind: releasing fd for 13:69
[  3993.089] (II) UnloadModule: "libinput"
[  3993.089] (II) systemd-logind: releasing fd for 13:68
[  3993.090] (II) UnloadModule: "libinput"
[  3993.090] (II) systemd-logind: releasing fd for 13:67
[  3993.090] (II) UnloadModule: "libinput"
[  3993.090] (II) systemd-logind: releasing fd for 13:64
[  3993.090] (II) UnloadModule: "libinput"
[  3993.090] (II) systemd-logind: releasing fd for 13:65
[  3993.091] (II) UnloadModule: "libinput"
[  3993.091] (II) systemd-logind: releasing fd for 13:66
[  3993.125] (II) Server terminated successfully (0). Closing log file.
