   119.4ms (setup:1108): 2025-02-16 21:16:25
   119.5ms (setup:1109): /usr/bin/pipx install shell-gpt
   119.5ms (setup:1110): pipx version is 1.7.1
   119.6ms (setup:1111): Default python interpreter is '/usr/bin/python3.13'
   119.6ms (mkdir:76): creating directory /home/tomaking/.local/share/pipx/venvs
   119.8ms (mkdir:76): creating directory /home/tomaking/.local/bin
   119.9ms (mkdir:76): creating directory /home/tomaking/.local/share/man
   120.0ms (mkdir:76): creating directory /home/tomaking/.cache/pipx
   120.1ms (mkdir:76): creating directory /home/tomaking/.local/share/pipx/py
   120.2ms (setup:1125): Adding CACHEDIR.TAG to cache directory
   120.3ms (setup:1125): Adding CACHEDIR.TAG to cache directory
   121.2ms (package_name_from_spec:378): Determined package name: shell-gpt
   121.2ms (package_name_from_spec:379): Package name determined in 0.0s
   121.4ms (create_venv:164): Creating virtual environment
   121.9ms (run_subprocess:175): running /usr/bin/python3.13 -m venv --without-pip /home/tomaking/.local/share/pipx/venvs/shell-gpt
   168.6ms (run_subprocess:195): stdout:
   168.7ms (run_subprocess:197): stderr:
   168.7ms (run_subprocess:198): returncode: 0
   169.5ms (run_subprocess:175): running /usr/bin/python3.13 -m venv --clear /home/tomaking/.local/share/pipx/shared
  2520.6ms (run_subprocess:195): stdout:
  2520.7ms (run_subprocess:197): stderr:
  2520.7ms (run_subprocess:198): returncode: 0
  2521.2ms (run_subprocess:175): running <checking pip's availability>
  2538.6ms (run_subprocess:195): stdout: ModuleSpec(name='pip', loader=<_frozen_importlib_external.SourceFileLoader object at 0x753728f649e0>, origin='/home/tomaking/.local/share/pipx/shared/lib/python3.13/site-packages/pip/__init__.py', submodule_search_locations=['/home/tomaking/.local/share/pipx/shared/lib/python3.13/site-packages/pip'])
  2538.7ms (run_subprocess:198): returncode: 0
  2538.9ms (upgrade:119): Upgrading shared libraries in /home/tomaking/.local/share/pipx/shared
  2539.4ms (run_subprocess:175): running /home/tomaking/.local/share/pipx/shared/bin/python -m pip --no-input --disable-pip-version-check install --force-reinstall -q --upgrade pip >= 23.1
  4561.4ms (run_subprocess:195): stdout:
  4561.5ms (run_subprocess:197): stderr:
  4561.6ms (run_subprocess:198): returncode: 0
  4561.9ms (run_subprocess:175): running /home/tomaking/.local/share/pipx/venvs/shell-gpt/bin/python -c import sysconfig; print(sysconfig.get_path('purelib'))
  4583.7ms (run_subprocess:195): stdout: /home/tomaking/.local/share/pipx/venvs/shell-gpt/lib/python3.13/site-packages
  4583.8ms (run_subprocess:198): returncode: 0
  4584.2ms (run_subprocess:175): running /home/tomaking/.local/share/pipx/shared/bin/python -c import sysconfig; print(sysconfig.get_path('purelib'))
  4605.2ms (run_subprocess:195): stdout: /home/tomaking/.local/share/pipx/shared/lib/python3.13/site-packages
  4605.3ms (run_subprocess:198): returncode: 0
  4605.8ms (run_subprocess:175): running /home/tomaking/.local/share/pipx/venvs/shell-gpt/bin/python --version
  4607.8ms (run_subprocess:195): stdout: Python 3.13.1
  4607.9ms (run_subprocess:197): stderr:
  4607.9ms (run_subprocess:198): returncode: 0
  4608.1ms (_parsed_package_to_package_or_url:139): cleaned package spec: shell-gpt
  4608.2ms (install_package:247): Installing shell-gpt
  4608.5ms (run_subprocess:175): running /home/tomaking/.local/share/pipx/venvs/shell-gpt/bin/python -m pip --no-input install shell-gpt
 36568.9ms (run_subprocess:198): returncode: 0
 36569.3ms (run_subprocess:175): running <fetch_info_in_venv commands>
 36600.6ms (run_subprocess:195): stdout: {"sys_path": ["/usr/lib/python313.zip", "/usr/lib/python3.13", "/usr/lib/python3.13/lib-dynload", "/home/tomaking/.local/share/pipx/venvs/shell-gpt/lib/python3.13/site-packages", "/home/tomaking/.local/share/pipx/shared/lib/python3.13/site-packages"], "python_version": "3.13.1", "environment": {"implementation_name": "cpython", "implementation_version": "3.13.1", "os_name": "posix", "platform_machine": "x86_64", "platform_release": "6.13.2-arch1-1", "platform_system": "Linux", "platform_version": "#1 SMP PREEMPT_DYNAMIC Sat, 08 Feb 2025 18:54:55 +0000", "python_full_version": "3.13.1", "platform_python_implementation": "CPython", "python_version": "3.13", "sys_platform": "linux"}}
 36600.6ms (run_subprocess:198): returncode: 0
 36917.0ms (get_venv_metadata_for_package:351): get_venv_metadata_for_package: 348ms
 36917.1ms (_parsed_package_to_package_or_url:139): cleaned package spec: shell-gpt
 36919.1ms (warn_if_not_on_path:474): ⚠️  Note: '/home/tomaking/.local/bin' is not on your PATH environment variable. These apps will not be globally accessible until your PATH is updated. Run `pipx ensurepath` to automatically add it, or manually
    modify your PATH in your shell's config file (e.g. ~/.bashrc).
 36919.2ms (cli:1187): pipx finished.
