[06:57:26.337][info] [#0:/home/tomaking/.local/share/nvim/mason/packages/lua-language-server/libexec/main.lua:68]: Lua Lsp startup, root: 	/home/tomaking/.local/share/nvim/mason/packages/lua-language-server/libexec
[06:57:26.337][info] [#0:/home/tomaking/.local/share/nvim/mason/packages/lua-language-server/libexec/main.lua:69]: ROOT:	/home/tomaking/.local/share/nvim/mason/packages/lua-language-server/libexec
[06:57:26.337][info] [#0:/home/tomaking/.local/share/nvim/mason/packages/lua-language-server/libexec/main.lua:70]: LOGPATH:	/home/tomaking/.local/share/nvim/mason/packages/lua-language-server/libexec/log
[06:57:26.337][info] [#0:/home/tomaking/.local/share/nvim/mason/packages/lua-language-server/libexec/main.lua:71]: METAPATH:	/home/tomaking/.local/share/nvim/mason/packages/lua-language-server/libexec/meta
[06:57:26.337][info] [#0:/home/tomaking/.local/share/nvim/mason/packages/lua-language-server/libexec/main.lua:72]: VERSION:	3.13.6
[06:57:26.364][info] [#0:script/proto/proto.lua:260]: Listen Mode: stdio
[06:57:26.364][info] [#0:script/service/service.lua:145]: 
========= Medical Examination Report =========
    --------------- Memory ---------------
        Total: 2.258 MB
        # 00 : 2.258 MB
        # 01 : 0.000 MB
        # 02 : 0.000 MB
        # 03 : 0.000 MB
        # 04 : 0.000 MB
    --------------- Coroutine ---------------
        Total:     0
        Running:   0
        Suspended: 0
        Normal:    0
        Dead:      0
    --------------- Cache ---------------
        Total: 1
        Dead:  0
    ---------------  RPC  ---------------
        Holdon:   0
        Waiting:  0
==============================================
[06:57:26.469][info] [#0:script/client.lua:657]: Client init	{
  capabilities = {
    general = {
      positionEncodings = { "utf-16" }
    },
    textDocument = {
      callHierarchy = {
        dynamicRegistration = false
      },
      codeAction = {
        codeActionLiteralSupport = {
          codeActionKind = {
            valueSet = { "", "quickfix", "refactor", "refactor.extract", "refactor.inline", "refactor.rewrite", "source", "source.organizeImports" }
          }
        },
        dataSupport = true,
        dynamicRegistration = true,
        isPreferredSupport = true,
        resolveSupport = {
          properties = { "edit" }
        }
      },
      completion = {
        completionItem = {
          commitCharactersSupport = false,
          deprecatedSupport = false,
          documentationFormat = { "markdown", "plaintext" },
          preselectSupport = false,
          snippetSupport = false
        },
        completionItemKind = {
          valueSet = { 1, 2, 3, 4, 5, 6, 7, 8, 9, 10, 11, 12, 13, 14, 15, 16, 17, 18, 19, 20, 21, 22, 23, 24, 25 }
        },
        completionList = {
          itemDefaults = { "editRange", "insertTextFormat", "insertTextMode", "data" }
        },
        contextSupport = false,
        dynamicRegistration = false
      },
      declaration = {
        linkSupport = true
      },
      definition = {
        dynamicRegistration = true,
        linkSupport = true
      },
      diagnostic = {
        dynamicRegistration = false
      },
      documentHighlight = {
        dynamicRegistration = false
      },
      documentSymbol = {
        dynamicRegistration = false,
        hierarchicalDocumentSymbolSupport = true,
        symbolKind = {
          valueSet = { 1, 2, 3, 4, 5, 6, 7, 8, 9, 10, 11, 12, 13, 14, 15, 16, 17, 18, 19, 20, 21, 22, 23, 24, 25, 26 }
        }
      },
      formatting = {
        dynamicRegistration = true
      },
      hover = {
        contentFormat = { "markdown", "plaintext" },
        dynamicRegistration = true
      },
      implementation = {
        linkSupport = true
      },
      inlayHint = {
        dynamicRegistration = true,
        resolveSupport = {
          properties = { "textEdits", "tooltip", "location", "command" }
        }
      },
      publishDiagnostics = {
        dataSupport = true,
        relatedInformation = true,
        tagSupport = {
          valueSet = { 1, 2 }
        }
      },
      rangeFormatting = {
        dynamicRegistration = true
      },
      references = {
        dynamicRegistration = false
      },
      rename = {
        dynamicRegistration = true,
        prepareSupport = true
      },
      semanticTokens = {
        augmentsSyntaxTokens = true,
        dynamicRegistration = false,
        formats = { "relative" },
        multilineTokenSupport = false,
        overlappingTokenSupport = true,
        requests = {
          full = {
            delta = true
          },
          range = false
        },
        serverCancelSupport = false,
        tokenModifiers = { "declaration", "definition", "readonly", "static", "deprecated", "abstract", "async", "modification", "documentation", "defaultLibrary" },
        tokenTypes = { "namespace", "type", "class", "enum", "interface", "struct", "typeParameter", "parameter", "variable", "property", "enumMember", "event", "function", "method", "macro", "keyword", "modifier", "comment", "string", "number", "regexp", "operator", "decorator" }
      },
      signatureHelp = {
        dynamicRegistration = false,
        signatureInformation = {
          activeParameterSupport = true,
          documentationFormat = { "markdown", "plaintext" },
          parameterInformation = {
            labelOffsetSupport = true
          }
        }
      },
      synchronization = {
        didSave = true,
        dynamicRegistration = false,
        willSave = true,
        willSaveWaitUntil = true
      },
      typeDefinition = {
        linkSupport = true
      }
    },
    window = {
      showDocument = {
        support = true
      },
      showMessage = {
        messageActionItem = {
          additionalPropertiesSupport = false
        }
      },
      workDoneProgress = true
    },
    workspace = {
      applyEdit = true,
      configuration = true,
      didChangeConfiguration = {
        dynamicRegistration = false
      },
      didChangeWatchedFiles = {
        dynamicRegistration = false,
        relativePatternSupport = true
      },
      inlayHint = {
        refreshSupport = true
      },
      semanticTokens = {
        refreshSupport = true
      },
      symbol = {
        dynamicRegistration = false,
        symbolKind = {
          valueSet = { 1, 2, 3, 4, 5, 6, 7, 8, 9, 10, 11, 12, 13, 14, 15, 16, 17, 18, 19, 20, 21, 22, 23, 24, 25, 26 }
        }
      },
      workspaceEdit = {
        resourceOperations = { "rename", "create", "delete" }
      },
      workspaceFolders = true
    }
  },
  clientInfo = {
    name = "Neovim",
    version = "0.10.4+v0.10.4"
  },
  initializationOptions = {},
  processId = 29353,
  rootPath = "/home/tomaking/.config/nvim",
  rootUri = "file:///home/tomaking/.config/nvim",
  trace = "off",
  workDoneToken = "1",
  workspaceFolders = { {
      name = "/home/tomaking/.config/nvim",
      uri = "file:///home/tomaking/.config/nvim"
    } }
}
[06:57:26.469][info] [#0:script/language.lua:137]: VSC language: nil
[06:57:26.469][info] [#0:script/language.lua:138]: LS  language: en-us
[06:57:26.469][info] [#0:script/workspace/workspace.lua:38]: Workspace init root: 	file:///home/tomaking/.config/nvim
[06:57:26.469][info] [#0:script/workspace/workspace.lua:42]: Log path: 	/home/tomaking/.local/share/nvim/mason/packages/lua-language-server/libexec/log/file_home_tomaking_.config_nvim.log
[06:57:26.469][info] [#0:script/workspace/workspace.lua:48]: Workspace create: 	file:///home/tomaking/.config/nvim
[06:57:26.774][info] [#0:script/provider/provider.lua:49]: Load config from client	file:///home/tomaking/.config/nvim
[06:57:26.775][info] [#0:script/provider/provider.lua:50]: {
  Lua = {
    diagnostics = {
      globals = { "vim", "opt", "g", "kmap", "cmd" }
    }
  }
}
[06:57:26.775][info] [#0:script/provider/provider.lua:49]: Load config from client	file:///home/tomaking/.config/nvim
[06:57:26.775][info] [#0:script/provider/provider.lua:50]: {
  Lua = {
    diagnostics = {
      globals = { "vim", "opt", "g", "kmap", "cmd" }
    }
  }
}
[06:57:26.876][info] [#0:script/provider/provider.lua:65]: Load config from client	fallback
[06:57:26.877][info] [#0:script/provider/provider.lua:66]: {
  Lua = {
    diagnostics = {
      globals = { "vim", "opt", "g", "kmap", "cmd" }
    }
  }
}
[06:57:26.877][info] [#0:script/provider/provider.lua:65]: Load config from client	fallback
[06:57:26.877][info] [#0:script/provider/provider.lua:66]: {
  Lua = {
    diagnostics = {
      globals = { "vim", "opt", "g", "kmap", "cmd" }
    }
  }
}
[06:57:27.016][info] [#0:script/library.lua:212]: Init builtin library at:	file:///home/tomaking/.config/nvim
[06:57:27.047][info] [#0:script/library.lua:212]: Init builtin library at:	nil
[06:57:27.175][info] [#0:script/workspace/workspace.lua:324]: Preload start:	file:///home/tomaking/.config/nvim
[06:57:27.188][info] [#0:script/workspace/workspace.lua:330]: Scan files at:	file:///home/tomaking/.config/nvim
[06:57:27.192][info] [#0:script/workspace/workspace.lua:324]: Preload start:	<fallback>
[06:57:27.200][info] [#0:script/workspace/workspace.lua:353]: Scan library at:	file:///home/tomaking/.local/share/nvim/mason/packages/lua-language-server/libexec/meta/Lua%205.4%20en-us%20utf8/coroutine.lua
[06:57:27.201][info] [#0:script/workspace/workspace.lua:353]: Scan library at:	file:///home/tomaking/.local/share/nvim/mason/packages/lua-language-server/libexec/meta/Lua%205.4%20en-us%20utf8/builtin.lua
[06:57:27.202][info] [#0:script/workspace/workspace.lua:353]: Scan library at:	file:///home/tomaking/.local/share/nvim/mason/packages/lua-language-server/libexec/meta/Lua%205.4%20en-us%20utf8/debug.lua
[06:57:27.203][info] [#0:script/workspace/workspace.lua:353]: Scan library at:	file:///home/tomaking/.local/share/nvim/mason/packages/lua-language-server/libexec/meta/Lua%205.4%20en-us%20utf8/table.lua
[06:57:27.204][info] [#0:script/workspace/workspace.lua:353]: Scan library at:	file:///home/tomaking/.local/share/nvim/mason/packages/lua-language-server/libexec/meta/Lua%205.4%20en-us%20utf8/io.lua
[06:57:27.205][info] [#0:script/workspace/workspace.lua:353]: Scan library at:	file:///home/tomaking/.local/share/nvim/mason/packages/lua-language-server/libexec/meta/Lua%205.4%20en-us%20utf8/basic.lua
[06:57:27.206][info] [#0:script/workspace/workspace.lua:353]: Scan library at:	file:///home/tomaking/.local/share/nvim/mason/packages/lua-language-server/libexec/meta/Lua%205.4%20en-us%20utf8/string.lua
[06:57:27.206][info] [#0:script/workspace/workspace.lua:353]: Scan library at:	file:///home/tomaking/.local/share/nvim/mason/packages/lua-language-server/libexec/meta/Lua%205.4%20en-us%20utf8/utf8.lua
[06:57:27.207][info] [#0:script/workspace/workspace.lua:353]: Scan library at:	file:///home/tomaking/.local/share/nvim/mason/packages/lua-language-server/libexec/meta/Lua%205.4%20en-us%20utf8/math.lua
[06:57:27.208][info] [#0:script/workspace/workspace.lua:353]: Scan library at:	file:///home/tomaking/.local/share/nvim/mason/packages/lua-language-server/libexec/meta/Lua%205.4%20en-us%20utf8/os.lua
[06:57:27.208][info] [#0:script/workspace/workspace.lua:353]: Scan library at:	file:///home/tomaking/.local/share/nvim/mason/packages/lua-language-server/libexec/meta/Lua%205.4%20en-us%20utf8/package.lua
[06:57:27.210][info] [#0:script/workspace/workspace.lua:353]: Scan library at:	file:///home/tomaking/.local/share/nvim/mason/packages/lua-language-server/libexec/meta/Lua%205.4%20en-us%20utf8/coroutine.lua
[06:57:27.210][info] [#0:script/workspace/workspace.lua:353]: Scan library at:	file:///home/tomaking/.local/share/nvim/mason/packages/lua-language-server/libexec/meta/Lua%205.4%20en-us%20utf8/builtin.lua
[06:57:27.210][info] [#0:script/workspace/workspace.lua:353]: Scan library at:	file:///home/tomaking/.local/share/nvim/mason/packages/lua-language-server/libexec/meta/Lua%205.4%20en-us%20utf8/debug.lua
[06:57:27.211][info] [#0:script/workspace/workspace.lua:353]: Scan library at:	file:///home/tomaking/.local/share/nvim/mason/packages/lua-language-server/libexec/meta/Lua%205.4%20en-us%20utf8/table.lua
[06:57:27.211][info] [#0:script/workspace/workspace.lua:353]: Scan library at:	file:///home/tomaking/.local/share/nvim/mason/packages/lua-language-server/libexec/meta/Lua%205.4%20en-us%20utf8/io.lua
[06:57:27.211][info] [#0:script/workspace/workspace.lua:353]: Scan library at:	file:///home/tomaking/.local/share/nvim/mason/packages/lua-language-server/libexec/meta/Lua%205.4%20en-us%20utf8/basic.lua
[06:57:27.212][info] [#0:script/workspace/workspace.lua:353]: Scan library at:	file:///home/tomaking/.local/share/nvim/mason/packages/lua-language-server/libexec/meta/Lua%205.4%20en-us%20utf8/string.lua
[06:57:27.212][info] [#0:script/workspace/workspace.lua:353]: Scan library at:	file:///home/tomaking/.local/share/nvim/mason/packages/lua-language-server/libexec/meta/Lua%205.4%20en-us%20utf8/utf8.lua
[06:57:27.212][info] [#0:script/workspace/workspace.lua:353]: Scan library at:	file:///home/tomaking/.local/share/nvim/mason/packages/lua-language-server/libexec/meta/Lua%205.4%20en-us%20utf8/math.lua
[06:57:27.212][info] [#0:script/workspace/workspace.lua:353]: Scan library at:	file:///home/tomaking/.local/share/nvim/mason/packages/lua-language-server/libexec/meta/Lua%205.4%20en-us%20utf8/os.lua
[06:57:27.213][info] [#0:script/workspace/workspace.lua:353]: Scan library at:	file:///home/tomaking/.local/share/nvim/mason/packages/lua-language-server/libexec/meta/Lua%205.4%20en-us%20utf8/package.lua
[06:57:27.314][info] [#0:script/workspace/workspace.lua:379]: Found 11 files at:	<fallback>
[06:57:27.314][info] [#0:script/workspace/loading.lua:160]: Load files from disk:	<fallback>
[06:57:27.314][info] [#0:script/workspace/workspace.lua:379]: Found 26 files at:	file:///home/tomaking/.config/nvim
[06:57:27.314][info] [#0:script/workspace/loading.lua:160]: Load files from disk:	file:///home/tomaking/.config/nvim
[06:57:27.318][info] [#0:script/workspace/loading.lua:100]: Preload file at: file:///home/tomaking/.local/share/nvim/mason/packages/lua-language-server/libexec/meta/Lua%205.4%20en-us%20utf8/package.lua , size = 2.944 KB
[06:57:27.326][info] [#0:script/workspace/loading.lua:112]: ++++As library of:	file:///home/tomaking/.local/share/nvim/mason/packages/lua-language-server/libexec/meta/Lua%205.4%20en-us%20utf8/package.lua
[06:57:27.326][info] [#0:script/workspace/loading.lua:97]: Skip loaded file: file:///home/tomaking/.local/share/nvim/mason/packages/lua-language-server/libexec/meta/Lua%205.4%20en-us%20utf8/package.lua
[06:57:27.326][info] [#0:script/workspace/loading.lua:100]: Preload file at: file:///home/tomaking/.local/share/nvim/mason/packages/lua-language-server/libexec/meta/Lua%205.4%20en-us%20utf8/os.lua , size = 5.600 KB
[06:57:27.342][info] [#0:script/workspace/loading.lua:112]: ++++As library of:	file:///home/tomaking/.local/share/nvim/mason/packages/lua-language-server/libexec/meta/Lua%205.4%20en-us%20utf8/os.lua
[06:57:27.342][info] [#0:script/workspace/loading.lua:97]: Skip loaded file: file:///home/tomaking/.local/share/nvim/mason/packages/lua-language-server/libexec/meta/Lua%205.4%20en-us%20utf8/os.lua
[06:57:27.342][info] [#0:script/workspace/loading.lua:100]: Preload file at: file:///home/tomaking/.local/share/nvim/mason/packages/lua-language-server/libexec/meta/Lua%205.4%20en-us%20utf8/math.lua , size = 8.509 KB
[06:57:27.357][info] [#0:script/workspace/loading.lua:112]: ++++As library of:	file:///home/tomaking/.local/share/nvim/mason/packages/lua-language-server/libexec/meta/Lua%205.4%20en-us%20utf8/math.lua
[06:57:27.357][info] [#0:script/workspace/loading.lua:97]: Skip loaded file: file:///home/tomaking/.local/share/nvim/mason/packages/lua-language-server/libexec/meta/Lua%205.4%20en-us%20utf8/math.lua
[06:57:27.357][info] [#0:script/workspace/loading.lua:100]: Preload file at: file:///home/tomaking/.local/share/nvim/mason/packages/lua-language-server/libexec/meta/Lua%205.4%20en-us%20utf8/utf8.lua , size = 2.386 KB
[06:57:27.359][info] [#0:script/workspace/loading.lua:112]: ++++As library of:	file:///home/tomaking/.local/share/nvim/mason/packages/lua-language-server/libexec/meta/Lua%205.4%20en-us%20utf8/utf8.lua
[06:57:27.359][info] [#0:script/workspace/loading.lua:97]: Skip loaded file: file:///home/tomaking/.local/share/nvim/mason/packages/lua-language-server/libexec/meta/Lua%205.4%20en-us%20utf8/utf8.lua
[06:57:27.359][info] [#0:script/workspace/loading.lua:100]: Preload file at: file:///home/tomaking/.local/share/nvim/mason/packages/lua-language-server/libexec/meta/Lua%205.4%20en-us%20utf8/string.lua , size = 6.327 KB
[06:57:27.367][info] [#0:script/workspace/loading.lua:112]: ++++As library of:	file:///home/tomaking/.local/share/nvim/mason/packages/lua-language-server/libexec/meta/Lua%205.4%20en-us%20utf8/string.lua
[06:57:27.367][info] [#0:script/workspace/loading.lua:97]: Skip loaded file: file:///home/tomaking/.local/share/nvim/mason/packages/lua-language-server/libexec/meta/Lua%205.4%20en-us%20utf8/string.lua
[06:57:27.367][info] [#0:script/workspace/loading.lua:100]: Preload file at: file:///home/tomaking/.local/share/nvim/mason/packages/lua-language-server/libexec/meta/Lua%205.4%20en-us%20utf8/basic.lua , size = 15.841 KB
[06:57:27.376][info] [#0:script/workspace/loading.lua:112]: ++++As library of:	file:///home/tomaking/.local/share/nvim/mason/packages/lua-language-server/libexec/meta/Lua%205.4%20en-us%20utf8/basic.lua
[06:57:27.376][info] [#0:script/workspace/loading.lua:88]: Skip loaded file: file:///home/tomaking/.local/share/nvim/mason/packages/lua-language-server/libexec/meta/Lua%205.4%20en-us%20utf8/basic.lua
[06:57:27.376][info] [#0:script/workspace/loading.lua:112]: ++++As library of:	file:///home/tomaking/.local/share/nvim/mason/packages/lua-language-server/libexec/meta/Lua%205.4%20en-us%20utf8/basic.lua
[06:57:27.376][info] [#0:script/workspace/loading.lua:100]: Preload file at: file:///home/tomaking/.local/share/nvim/mason/packages/lua-language-server/libexec/meta/Lua%205.4%20en-us%20utf8/io.lua , size = 6.364 KB
[06:57:27.380][info] [#0:script/workspace/loading.lua:112]: ++++As library of:	file:///home/tomaking/.local/share/nvim/mason/packages/lua-language-server/libexec/meta/Lua%205.4%20en-us%20utf8/io.lua
[06:57:27.381][info] [#0:script/workspace/loading.lua:97]: Skip loaded file: file:///home/tomaking/.local/share/nvim/mason/packages/lua-language-server/libexec/meta/Lua%205.4%20en-us%20utf8/io.lua
[06:57:27.381][info] [#0:script/workspace/loading.lua:100]: Preload file at: file:///home/tomaking/.local/share/nvim/mason/packages/lua-language-server/libexec/meta/Lua%205.4%20en-us%20utf8/table.lua , size = 4.445 KB
[06:57:27.388][info] [#0:script/workspace/loading.lua:112]: ++++As library of:	file:///home/tomaking/.local/share/nvim/mason/packages/lua-language-server/libexec/meta/Lua%205.4%20en-us%20utf8/table.lua
[06:57:27.388][info] [#0:script/workspace/loading.lua:97]: Skip loaded file: file:///home/tomaking/.local/share/nvim/mason/packages/lua-language-server/libexec/meta/Lua%205.4%20en-us%20utf8/table.lua
[06:57:27.388][info] [#0:script/workspace/loading.lua:100]: Preload file at: file:///home/tomaking/.local/share/nvim/mason/packages/lua-language-server/libexec/meta/Lua%205.4%20en-us%20utf8/debug.lua , size = 7.637 KB
[06:57:27.393][info] [#0:script/workspace/loading.lua:112]: ++++As library of:	file:///home/tomaking/.local/share/nvim/mason/packages/lua-language-server/libexec/meta/Lua%205.4%20en-us%20utf8/debug.lua
[06:57:27.393][info] [#0:script/workspace/loading.lua:97]: Skip loaded file: file:///home/tomaking/.local/share/nvim/mason/packages/lua-language-server/libexec/meta/Lua%205.4%20en-us%20utf8/debug.lua
[06:57:27.394][info] [#0:script/workspace/loading.lua:100]: Preload file at: file:///home/tomaking/.local/share/nvim/mason/packages/lua-language-server/libexec/meta/Lua%205.4%20en-us%20utf8/builtin.lua , size = 0.302 KB
[06:57:27.394][info] [#0:script/workspace/loading.lua:112]: ++++As library of:	file:///home/tomaking/.local/share/nvim/mason/packages/lua-language-server/libexec/meta/Lua%205.4%20en-us%20utf8/builtin.lua
[06:57:27.394][info] [#0:script/workspace/loading.lua:97]: Skip loaded file: file:///home/tomaking/.local/share/nvim/mason/packages/lua-language-server/libexec/meta/Lua%205.4%20en-us%20utf8/builtin.lua
[06:57:27.394][info] [#0:script/workspace/loading.lua:100]: Preload file at: file:///home/tomaking/.local/share/nvim/mason/packages/lua-language-server/libexec/meta/Lua%205.4%20en-us%20utf8/coroutine.lua , size = 2.590 KB
[06:57:27.396][info] [#0:script/workspace/loading.lua:112]: ++++As library of:	file:///home/tomaking/.local/share/nvim/mason/packages/lua-language-server/libexec/meta/Lua%205.4%20en-us%20utf8/coroutine.lua
[06:57:27.396][info] [#0:script/workspace/loading.lua:88]: Skip loaded file: file:///home/tomaking/.local/share/nvim/mason/packages/lua-language-server/libexec/meta/Lua%205.4%20en-us%20utf8/coroutine.lua
[06:57:27.396][info] [#0:script/workspace/loading.lua:112]: ++++As library of:	file:///home/tomaking/.local/share/nvim/mason/packages/lua-language-server/libexec/meta/Lua%205.4%20en-us%20utf8/coroutine.lua
[06:57:27.396][info] [#0:script/workspace/loading.lua:172]: Loaded files takes [0.088] sec: <fallback>
[06:57:27.396][info] [#0:script/workspace/loading.lua:181]: Compile files takes [0.000] sec: <fallback>
[06:57:27.396][info] [#0:script/workspace/loading.lua:182]: Loaded finish:	<fallback>
[06:57:27.396][info] [#0:script/workspace/workspace.lua:381]: Preload finish at:	<fallback>
[06:57:27.399][info] [#0:script/workspace/loading.lua:100]: Preload file at: file:///home/tomaking/.config/nvim/lua/core/scripts.lua , size = 1.203 KB
[06:57:27.399][info] [#0:script/workspace/loading.lua:100]: Preload file at: file:///home/tomaking/.config/nvim/lua/core/settings.lua , size = 3.308 KB
[06:57:27.401][info] [#0:script/workspace/loading.lua:100]: Preload file at: file:///home/tomaking/.config/nvim/lua/core/mappings.lua , size = 2.635 KB
[06:57:27.403][info] [#0:script/workspace/loading.lua:100]: Preload file at: file:///home/tomaking/.config/nvim/lua/core/lazy.lua , size = 0.391 KB
[06:57:27.403][info] [#0:script/workspace/loading.lua:100]: Preload file at: file:///home/tomaking/.config/nvim/lua/plugins/configs.lua , size = 0.380 KB
[06:57:27.404][info] [#0:script/workspace/loading.lua:100]: Preload file at: file:///home/tomaking/.config/nvim/lua/plugins/configs/mason.lua , size = 1.851 KB
[06:57:27.405][info] [#0:script/workspace/loading.lua:100]: Preload file at: file:///home/tomaking/.config/nvim/lua/plugins/configs/lsp.lua , size = 3.312 KB
[06:57:27.407][info] [#0:script/workspace/loading.lua:100]: Preload file at: file:///home/tomaking/.config/nvim/lua/plugins/configs/gitsigns.lua , size = 3.000 KB
[06:57:27.409][info] [#0:script/workspace/loading.lua:100]: Preload file at: file:///home/tomaking/.config/nvim/lua/plugins/configs/conform.lua , size = 1.197 KB
[06:57:27.410][info] [#0:script/workspace/loading.lua:100]: Preload file at: file:///home/tomaking/.config/nvim/lua/plugins/configs/treesitter.lua , size = 2.167 KB
[06:57:27.411][info] [#0:script/workspace/loading.lua:100]: Preload file at: file:///home/tomaking/.config/nvim/lua/plugins/configs/nvim-cmp.lua , size = 4.724 KB
[06:57:27.417][info] [#0:script/workspace/loading.lua:100]: Preload file at: file:///home/tomaking/.config/nvim/lua/plugins/configs/which-key.lua , size = 0.312 KB
[06:57:27.418][info] [#0:script/workspace/loading.lua:100]: Preload file at: file:///home/tomaking/.config/nvim/lua/plugins/plugins.lua , size = 2.858 KB
[06:57:27.419][info] [#0:script/workspace/loading.lua:100]: Preload file at: file:///home/tomaking/.config/nvim/lua/plugins/setups.lua , size = 2.471 KB
[06:57:27.420][info] [#0:script/workspace/loading.lua:88]: Skip loaded file: file:///home/tomaking/.config/nvim/init.lua
[06:57:27.420][info] [#0:script/workspace/loading.lua:172]: Loaded files takes [0.111] sec: file:///home/tomaking/.config/nvim
[06:57:27.420][info] [#0:script/workspace/loading.lua:181]: Compile files takes [0.000] sec: file:///home/tomaking/.config/nvim
[06:57:27.420][info] [#0:script/workspace/loading.lua:182]: Loaded finish:	file:///home/tomaking/.config/nvim
[06:57:27.420][info] [#0:script/workspace/workspace.lua:381]: Preload finish at:	file:///home/tomaking/.config/nvim
[06:57:27.425][info] [#0:script/provider/diagnostic.lua:560]: Diagnostics scope [file:///home/tomaking/.config/nvim], files count:[26]
[06:57:27.683][info] [#0:script/provider/diagnostic.lua:577]: Diagnostics scope [file:///home/tomaking/.config/nvim] finished, takes [0.116] sec.
[06:57:30.746][info] [#0:script/provider/provider.lua:176]: Server shutdown.
[06:57:30.847][warn] [#0:script/pub/report.lua:24]: Load proto error:	Disconnected!
